Using pre-set license
Built from '2021.3/staging' branch; Version is '2021.3.9f1 (ad3870b89536) revision 11352176'; Using compiler version '192829333'; Build Type 'Release'
OS: 'Windows 11  (10.0.22000) 64bit Core' Language: 'ko' Physical Memory: 7528 MB
BatchMode: 1, IsHumanControllingUs: 0, StartBugReporterOnCrash: 0, Is64bit: 1, IsPro: 1

COMMAND LINE ARGUMENTS:
E:\unity\2021.3.9f1\Editor\Unity.exe
-adb2
-batchMode
-noUpm
-name
AssetImportWorker2
-projectPath
E:/unity/My project (3)
-logFile
Logs/AssetImportWorker2.log
-srvPort
12708
Successfully changed project path to: E:/unity/My project (3)
E:/unity/My project (3)
[UnityMemory] Configuration Parameters - Can be set up in boot.config
    "memorysetup-bucket-allocator-granularity=16"
    "memorysetup-bucket-allocator-bucket-count=8"
    "memorysetup-bucket-allocator-block-size=33554432"
    "memorysetup-bucket-allocator-block-count=8"
    "memorysetup-main-allocator-block-size=16777216"
    "memorysetup-thread-allocator-block-size=16777216"
    "memorysetup-gfx-main-allocator-block-size=16777216"
    "memorysetup-gfx-thread-allocator-block-size=16777216"
    "memorysetup-cache-allocator-block-size=4194304"
    "memorysetup-typetree-allocator-block-size=2097152"
    "memorysetup-profiler-bucket-allocator-granularity=16"
    "memorysetup-profiler-bucket-allocator-bucket-count=8"
    "memorysetup-profiler-bucket-allocator-block-size=33554432"
    "memorysetup-profiler-bucket-allocator-block-count=8"
    "memorysetup-profiler-allocator-block-size=16777216"
    "memorysetup-profiler-editor-allocator-block-size=1048576"
    "memorysetup-temp-allocator-size-main=16777216"
    "memorysetup-job-temp-allocator-block-size=2097152"
    "memorysetup-job-temp-allocator-block-size-background=1048576"
    "memorysetup-job-temp-allocator-reduction-small-platforms=262144"
    "memorysetup-temp-allocator-size-background-worker=32768"
    "memorysetup-temp-allocator-size-job-worker=262144"
    "memorysetup-temp-allocator-size-preload-manager=33554432"
    "memorysetup-temp-allocator-size-nav-mesh-worker=65536"
    "memorysetup-temp-allocator-size-audio-worker=65536"
    "memorysetup-temp-allocator-size-cloud-worker=32768"
    "memorysetup-temp-allocator-size-gi-baking-worker=262144"
    "memorysetup-temp-allocator-size-gfx=262144"
Refreshing native plugins compatible for Editor in 144.79 ms, found 3 plugins.
Preloading 0 native plugins for Editor in 0.00 ms.
Initialize engine version: 2021.3.9f1 (ad3870b89536)
[Subsystems] Discovering subsystems at path E:/unity/2021.3.9f1/Editor/Data/Resources/UnitySubsystems
[Subsystems] Discovering subsystems at path E:/unity/My project (3)/Assets
GfxDevice: creating device client; threaded=0; jobified=0
Direct3D:
    Version:  Direct3D 11.0 [level 11.1]
    Renderer: AMD Radeon(TM) Graphics (ID=0x164c)
    Vendor:   ATI
    VRAM:     3764 MB
    Driver:   30.0.13014.8
Initialize mono
Mono path[0] = 'E:/unity/2021.3.9f1/Editor/Data/Managed'
Mono path[1] = 'E:/unity/2021.3.9f1/Editor/Data/MonoBleedingEdge/lib/mono/unityjit-win32'
Mono config path = 'E:/unity/2021.3.9f1/Editor/Data/MonoBleedingEdge/etc'
Using monoOptions --debugger-agent=transport=dt_socket,embedding=1,server=y,suspend=n,address=127.0.0.1:56700
Begin MonoManager ReloadAssembly
Registering precompiled unity dll's ...
Register platform support module: E:/unity/2021.3.9f1/Editor/Data/PlaybackEngines/WebGLSupport/UnityEditor.WebGL.Extensions.dll
Register platform support module: E:/unity/2021.3.9f1/Editor/Data/PlaybackEngines/WindowsStandaloneSupport/UnityEditor.WindowsStandalone.Extensions.dll
Registered in 0.036002 seconds.
Native extension for WindowsStandalone target not found
Native extension for WebGL target not found
Refreshing native plugins compatible for Editor in 148.69 ms, found 3 plugins.
Preloading 0 native plugins for Editor in 0.00 ms.
Mono: successfully reloaded assembly
- Completed reload, in  1.234 seconds
Domain Reload Profiling:
	ReloadAssembly (1235ms)
		BeginReloadAssembly (293ms)
			ExecutionOrderSort (0ms)
			DisableScriptedObjects (0ms)
			BackupInstance (0ms)
			ReleaseScriptingObjects (0ms)
			CreateAndSetChildDomain (1ms)
		EndReloadAssembly (717ms)
			LoadAssemblies (286ms)
			RebuildTransferFunctionScriptingTraits (0ms)
			SetupTypeCache (151ms)
			ReleaseScriptCaches (0ms)
			RebuildScriptCaches (38ms)
			SetupLoadedEditorAssemblies (437ms)
				LogAssemblyErrors (0ms)
				InitializePlatformSupportModulesInManaged (18ms)
				SetLoadedEditorAssemblies (0ms)
				RefreshPlugins (149ms)
				BeforeProcessingInitializeOnLoad (1ms)
				ProcessInitializeOnLoadAttributes (189ms)
				ProcessInitializeOnLoadMethodAttributes (79ms)
				AfterProcessingInitializeOnLoad (0ms)
				EditorAssembliesLoaded (0ms)
			ExecutionOrderSort2 (0ms)
			AwakeInstancesAfterBackupRestoration (0ms)
Platform modules already initialized, skipping
Registering precompiled user dll's ...
Registered in 0.011829 seconds.
Begin MonoManager ReloadAssembly
Symbol file LoadedFromMemory doesn't match image E:\unity\My project (3)\Library\PackageCache\com.unity.visualscripting@1.7.8\Editor\VisualScripting.Core\Dependencies\YamlDotNet\Unity.VisualScripting.YamlDotNet.dll
Symbol file LoadedFromMemory doesn't match image E:\unity\My project (3)\Library\PackageCache\com.unity.visualscripting@1.7.8\Editor\VisualScripting.Core\Dependencies\DotNetZip\Unity.VisualScripting.IonicZip.dll
Native extension for WindowsStandalone target not found
Native extension for WebGL target not found
Refreshing native plugins compatible for Editor in 0.91 ms, found 3 plugins.
Preloading 0 native plugins for Editor in 0.00 ms.
Mono: successfully reloaded assembly
- Completed reload, in 11.403 seconds
Domain Reload Profiling:
	ReloadAssembly (11405ms)
		BeginReloadAssembly (527ms)
			ExecutionOrderSort (0ms)
			DisableScriptedObjects (14ms)
			BackupInstance (0ms)
			ReleaseScriptingObjects (0ms)
			CreateAndSetChildDomain (44ms)
		EndReloadAssembly (10508ms)
			LoadAssemblies (7336ms)
			RebuildTransferFunctionScriptingTraits (0ms)
			SetupTypeCache (699ms)
			ReleaseScriptCaches (1ms)
			RebuildScriptCaches (94ms)
			SetupLoadedEditorAssemblies (2499ms)
				LogAssemblyErrors (0ms)
				InitializePlatformSupportModulesInManaged (29ms)
				SetLoadedEditorAssemblies (1ms)
				RefreshPlugins (1ms)
				BeforeProcessingInitializeOnLoad (268ms)
				ProcessInitializeOnLoadAttributes (508ms)
				ProcessInitializeOnLoadMethodAttributes (1642ms)
				AfterProcessingInitializeOnLoad (49ms)
				EditorAssembliesLoaded (0ms)
			ExecutionOrderSort2 (0ms)
			AwakeInstancesAfterBackupRestoration (32ms)
Platform modules already initialized, skipping
========================================================================
Worker process is ready to serve import requests
Launched and connected shader compiler UnityShaderCompiler.exe after 0.13 seconds
Refreshing native plugins compatible for Editor in 0.77 ms, found 3 plugins.
Preloading 0 native plugins for Editor in 0.00 ms.
Unloading 3382 Unused Serialized files (Serialized files now loaded: 0)
Unloading 27 unused Assets / (111.8 KB). Loaded Objects now: 3860.
Memory consumption went from 129.4 MB to 129.3 MB.
Total: 7.872200 ms (FindLiveObjects: 0.573900 ms CreateObjectMapping: 0.241300 ms MarkObjects: 6.406300 ms  DeleteObjects: 0.648400 ms)

AssetImportParameters requested are different than current active one (requested -> active):
  custom:video-decoder-ogg-theora: a1e56fd34408186e4bbccfd4996cb3dc -> 
  custom:container-muxer-webm: aa71ff27fc2769a1b78a27578f13a17b -> 
  custom:container-demuxer-webm: 4f35f7cbe854078d1ac9338744f61a02 -> 
  custom:video-encoder-webm-vp8: eb34c28f22e8b96e1ab97ce403110664 -> 
  custom:video-codec-MediaFoundation-h265: 746d11721c4dcdbdad8f713fa42b33f4 -> 
  custom:audio-encoder-webm-vorbis: bf7c407c2cedff20999df2af8eb42d56 -> 
  custom:framework-win-MediaFoundation: 216162199b28c13a410421893ffa2e32 -> 
  custom:container-demuxer-ogg: 62fdf1f143b41e24485cea50d1cbac27 -> 
  custom:video-decoder-webm-vp8: 9c59270c3fd7afecdb556c50c9e8de78 -> 
  custom:audio-decoder-ogg-vorbis: bf7c407c2cedff20999df2af8eb42d56 -> 
========================================================================
Received Import Request.
  Time since last request: 350760.755642 seconds.
  path: Assets/Tree 1.prefab
  artifactKey: Guid(54a95acde32906340b7171b55f692c2b) Importer(815301076,1909f56bfc062723c751e8b465ee728b)
Start importing Assets/Tree 1.prefab using Guid(54a95acde32906340b7171b55f692c2b) Importer(815301076,1909f56bfc062723c751e8b465ee728b)  -> (artifact id: '1ee3507fd5dcd22ec37561c3166f0ec7') in 0.357270 seconds 
========================================================================
Received Import Request.
  Time since last request: 71.399609 seconds.
  path: Assets/Image/UI/Archemy Table/Archemy_Base_Arrow.png
  artifactKey: Guid(c820ebe9c8f2ebc4e99fc7e840f0ae2c) Importer(815301076,1909f56bfc062723c751e8b465ee728b)
Start importing Assets/Image/UI/Archemy Table/Archemy_Base_Arrow.png using Guid(c820ebe9c8f2ebc4e99fc7e840f0ae2c) Importer(815301076,1909f56bfc062723c751e8b465ee728b)  -> (artifact id: '197998f65d9be443db9d9338778b1673') in 0.133782 seconds 
========================================================================
Received Import Request.
  Time since last request: 0.000077 seconds.
  path: Assets/Image/UI/BasicSurvivalKitComputer/BasicSurvivalKitComputer_UI_CircleSlot_0_ArchemyTable.png
  artifactKey: Guid(84d5b54968592fb408d30a4c9cda8ce8) Importer(815301076,1909f56bfc062723c751e8b465ee728b)
Start importing Assets/Image/UI/BasicSurvivalKitComputer/BasicSurvivalKitComputer_UI_CircleSlot_0_ArchemyTable.png using Guid(84d5b54968592fb408d30a4c9cda8ce8) Importer(815301076,1909f56bfc062723c751e8b465ee728b)  -> (artifact id: '255fef73204e188660d1b7ebbdbd6d86') in 0.089778 seconds 
========================================================================
Received Import Request.
  Time since last request: 0.000079 seconds.
  path: Assets/Image/UI/Archemy Table/Archemy_Button.png
  artifactKey: Guid(32a9edc20defa8743a686a907cad5958) Importer(815301076,1909f56bfc062723c751e8b465ee728b)
Start importing Assets/Image/UI/Archemy Table/Archemy_Button.png using Guid(32a9edc20defa8743a686a907cad5958) Importer(815301076,1909f56bfc062723c751e8b465ee728b)  -> (artifact id: 'ec5cf2b024cfcaf293bd862d4b9bda99') in 0.088475 seconds 
========================================================================
Received Import Request.
  Time since last request: 0.000245 seconds.
  path: Assets/Image/UI/BasicSurvivalKitComputer/BasicSurvivalKitComputer_UI_Base.png
  artifactKey: Guid(2d740b64ae517df44acd496de6b1631e) Importer(815301076,1909f56bfc062723c751e8b465ee728b)
Start importing Assets/Image/UI/BasicSurvivalKitComputer/BasicSurvivalKitComputer_UI_Base.png using Guid(2d740b64ae517df44acd496de6b1631e) Importer(815301076,1909f56bfc062723c751e8b465ee728b)  -> (artifact id: 'e15076cf3a4734f9c428b99f7b47c053') in 0.085202 seconds 
========================================================================
Received Import Request.
  Time since last request: 0.944620 seconds.
  path: Assets/Image/UI/Craft_Manual/Craft_Manual_Base_Arrow.png
  artifactKey: Guid(381eec7a7a33e964aa8a57a112f40b92) Importer(815301076,1909f56bfc062723c751e8b465ee728b)
Start importing Assets/Image/UI/Craft_Manual/Craft_Manual_Base_Arrow.png using Guid(381eec7a7a33e964aa8a57a112f40b92) Importer(815301076,1909f56bfc062723c751e8b465ee728b)  -> (artifact id: '4d471f56f0fe8a89e8f80095282353a6') in 0.063009 seconds 
========================================================================
Received Import Request.
  Time since last request: 0.260158 seconds.
  path: Assets/Image/UI/Craft_Manual/Craft_Manual_Base_Tab.png
  artifactKey: Guid(143c0a8aa3c9bcd46ba5797ff1bca585) Importer(815301076,1909f56bfc062723c751e8b465ee728b)
Start importing Assets/Image/UI/Craft_Manual/Craft_Manual_Base_Tab.png using Guid(143c0a8aa3c9bcd46ba5797ff1bca585) Importer(815301076,1909f56bfc062723c751e8b465ee728b)  -> (artifact id: '86115a933b59367499dd6edc3e5fcd0e') in 0.054837 seconds 
========================================================================
Received Import Request.
  Time since last request: 0.342203 seconds.
  path: Assets/Image/UI/Craft_Manual/Craft_Manual_Tab_1.png
  artifactKey: Guid(d36d80a94ce7d8444ac9f93fec8e6058) Importer(815301076,1909f56bfc062723c751e8b465ee728b)
Start importing Assets/Image/UI/Craft_Manual/Craft_Manual_Tab_1.png using Guid(d36d80a94ce7d8444ac9f93fec8e6058) Importer(815301076,1909f56bfc062723c751e8b465ee728b)  -> (artifact id: 'd8788b2c2b5558c88ab56aeae4838098') in 0.064692 seconds 
========================================================================
Received Import Request.
  Time since last request: 0.000054 seconds.
  path: Assets/Image/UI/Craft_Manual/Craft_Manul_BuildTab_floor.png
  artifactKey: Guid(d7c201f74bac69c4081f55829f7cad9d) Importer(815301076,1909f56bfc062723c751e8b465ee728b)
Start importing Assets/Image/UI/Craft_Manual/Craft_Manul_BuildTab_floor.png using Guid(d7c201f74bac69c4081f55829f7cad9d) Importer(815301076,1909f56bfc062723c751e8b465ee728b)  -> (artifact id: '7624a2d2c31371a81226f112ba359686') in 0.070309 seconds 
========================================================================
Received Import Request.
  Time since last request: 0.000077 seconds.
  path: Assets/Image/UI/Craft_Manual/Craft_Manul_BuildTab_Roof Cliff.png
  artifactKey: Guid(bb529f9e59105b24a9f33fcf5093a316) Importer(815301076,1909f56bfc062723c751e8b465ee728b)
Start importing Assets/Image/UI/Craft_Manual/Craft_Manul_BuildTab_Roof Cliff.png using Guid(bb529f9e59105b24a9f33fcf5093a316) Importer(815301076,1909f56bfc062723c751e8b465ee728b)  -> (artifact id: '55aa987e4137fd429f00fc39fb726bba') in 0.061455 seconds 
========================================================================
Received Import Request.
  Time since last request: 0.154765 seconds.
  path: Assets/Image/UI/Craft_Manual/Craft_Manul_BuildTab_Roof Tip.png
  artifactKey: Guid(e367cc6486a38fb4a85e51cb17f357d8) Importer(815301076,1909f56bfc062723c751e8b465ee728b)
Start importing Assets/Image/UI/Craft_Manual/Craft_Manul_BuildTab_Roof Tip.png using Guid(e367cc6486a38fb4a85e51cb17f357d8) Importer(815301076,1909f56bfc062723c751e8b465ee728b)  -> (artifact id: '4cbe1fd8e6e2cb0889a034c582c96713') in 0.064092 seconds 
========================================================================
Received Import Request.
  Time since last request: 0.000050 seconds.
  path: Assets/Image/UI/Craft_Manual/Craft_Manul_BuildTab_Stair_Long.png
  artifactKey: Guid(733a745d7c5e3d747987940fe76512fa) Importer(815301076,1909f56bfc062723c751e8b465ee728b)
Start importing Assets/Image/UI/Craft_Manual/Craft_Manul_BuildTab_Stair_Long.png using Guid(733a745d7c5e3d747987940fe76512fa) Importer(815301076,1909f56bfc062723c751e8b465ee728b)  -> (artifact id: 'e7014edeab55ab595a21112bcc049dda') in 0.079416 seconds 
========================================================================
Received Import Request.
  Time since last request: 0.851238 seconds.
  path: Assets/Image/UI/Craft_Manual/Craft_Manul_BuildTab_Wall.png
  artifactKey: Guid(e41922fd293f3eb49a6c8f2e2388d675) Importer(815301076,1909f56bfc062723c751e8b465ee728b)
Start importing Assets/Image/UI/Craft_Manual/Craft_Manul_BuildTab_Wall.png using Guid(e41922fd293f3eb49a6c8f2e2388d675) Importer(815301076,1909f56bfc062723c751e8b465ee728b)  -> (artifact id: '26c49bdcb386e3450f6ea58a8555f9b3') in 0.062351 seconds 
========================================================================
Received Import Request.
  Time since last request: 0.000031 seconds.
  path: Assets/Image/UI/Craft_Manual/Craft_Manul_BuildTab_Wall_Short.png
  artifactKey: Guid(8fb942a9e2bdf9c40a5adf0d20085ba8) Importer(815301076,1909f56bfc062723c751e8b465ee728b)
Start importing Assets/Image/UI/Craft_Manual/Craft_Manul_BuildTab_Wall_Short.png using Guid(8fb942a9e2bdf9c40a5adf0d20085ba8) Importer(815301076,1909f56bfc062723c751e8b465ee728b)  -> (artifact id: '9d35636f1d698bd8f9befed51a63fd5d') in 0.068026 seconds 
========================================================================
Received Import Request.
  Time since last request: 1.464322 seconds.
  path: Assets/Image/UI/Craft_Manual/Craft_Manul_FireTab_fire1.png
  artifactKey: Guid(e08bf662acbcc9645885691adb888f9f) Importer(815301076,1909f56bfc062723c751e8b465ee728b)
Start importing Assets/Image/UI/Craft_Manual/Craft_Manul_FireTab_fire1.png using Guid(e08bf662acbcc9645885691adb888f9f) Importer(815301076,1909f56bfc062723c751e8b465ee728b)  -> (artifact id: '93fc10891279674973f9ea125cb491a4') in 0.054812 seconds 
========================================================================
Received Import Request.
  Time since last request: 91.724886 seconds.
  path: Assets/New Terrain 1.asset
  artifactKey: Guid(fa5b4349d23d0f44ba762f13491fb4f7) Importer(815301076,1909f56bfc062723c751e8b465ee728b)
Start importing Assets/New Terrain 1.asset using Guid(fa5b4349d23d0f44ba762f13491fb4f7) Importer(815301076,1909f56bfc062723c751e8b465ee728b)  -> (artifact id: '1e18893eb260c722009596b8de50d887') in 0.127757 seconds 
========================================================================
Received Import Request.
  Time since last request: 29.716369 seconds.
  path: Assets/New Terrain Layer.terrainlayer
  artifactKey: Guid(259937c35a1a7d44fba554f5d6f52b3d) Importer(815301076,1909f56bfc062723c751e8b465ee728b)
Start importing Assets/New Terrain Layer.terrainlayer using Guid(259937c35a1a7d44fba554f5d6f52b3d) Importer(815301076,1909f56bfc062723c751e8b465ee728b)  -> (artifact id: 'e5c4a59658fe71698c3e0db57c2ecb5b') in 0.058358 seconds 
========================================================================
Received Prepare
Registering precompiled user dll's ...
Registered in 0.024636 seconds.
Begin MonoManager ReloadAssembly
Symbol file LoadedFromMemory doesn't match image E:\unity\My project (3)\Library\PackageCache\com.unity.visualscripting@1.7.8\Editor\VisualScripting.Core\Dependencies\YamlDotNet\Unity.VisualScripting.YamlDotNet.dll
Symbol file LoadedFromMemory doesn't match image E:\unity\My project (3)\Library\PackageCache\com.unity.visualscripting@1.7.8\Editor\VisualScripting.Core\Dependencies\DotNetZip\Unity.VisualScripting.IonicZip.dll
Native extension for WindowsStandalone target not found
Native extension for WebGL target not found
Refreshing native plugins compatible for Editor in 2.51 ms, found 3 plugins.
Preloading 0 native plugins for Editor in 0.00 ms.
Mono: successfully reloaded assembly
- Completed reload, in 16.662 seconds
Domain Reload Profiling:
	ReloadAssembly (16671ms)
		BeginReloadAssembly (7373ms)
			ExecutionOrderSort (0ms)
			DisableScriptedObjects (39ms)
			BackupInstance (0ms)
			ReleaseScriptingObjects (0ms)
			CreateAndSetChildDomain (292ms)
		EndReloadAssembly (8952ms)
			LoadAssemblies (12404ms)
			RebuildTransferFunctionScriptingTraits (2ms)
			SetupTypeCache (551ms)
			ReleaseScriptCaches (3ms)
			RebuildScriptCaches (69ms)
			SetupLoadedEditorAssemblies (2404ms)
				LogAssemblyErrors (0ms)
				InitializePlatformSupportModulesInManaged (44ms)
				SetLoadedEditorAssemblies (3ms)
				RefreshPlugins (3ms)
				BeforeProcessingInitializeOnLoad (313ms)
				ProcessInitializeOnLoadAttributes (423ms)
				ProcessInitializeOnLoadMethodAttributes (1555ms)
				AfterProcessingInitializeOnLoad (30ms)
				EditorAssembliesLoaded (33ms)
			ExecutionOrderSort2 (0ms)
			AwakeInstancesAfterBackupRestoration (34ms)
Platform modules already initialized, skipping
Refreshing native plugins compatible for Editor in 657.18 ms, found 3 plugins.
Preloading 0 native plugins for Editor in 0.00 ms.
Unloading 3376 Unused Serialized files (Serialized files now loaded: 0)
Unloading 20 unused Assets / (79.0 KB). Loaded Objects now: 3876.
Memory consumption went from 133.6 MB to 133.5 MB.
Total: 939.473600 ms (FindLiveObjects: 0.465000 ms CreateObjectMapping: 136.212100 ms MarkObjects: 789.298100 ms  DeleteObjects: 13.494100 ms)

AssetImportParameters requested are different than current active one (requested -> active):
  custom:video-decoder-ogg-theora: a1e56fd34408186e4bbccfd4996cb3dc -> 
  custom:container-muxer-webm: aa71ff27fc2769a1b78a27578f13a17b -> 
  custom:container-demuxer-webm: 4f35f7cbe854078d1ac9338744f61a02 -> 
  custom:video-encoder-webm-vp8: eb34c28f22e8b96e1ab97ce403110664 -> 
  custom:video-codec-MediaFoundation-h265: 746d11721c4dcdbdad8f713fa42b33f4 -> 
  custom:audio-encoder-webm-vorbis: bf7c407c2cedff20999df2af8eb42d56 -> 
  custom:framework-win-MediaFoundation: 216162199b28c13a410421893ffa2e32 -> 
  custom:container-demuxer-ogg: 62fdf1f143b41e24485cea50d1cbac27 -> 
  custom:video-decoder-webm-vp8: 9c59270c3fd7afecdb556c50c9e8de78 -> 
  custom:audio-decoder-ogg-vorbis: bf7c407c2cedff20999df2af8eb42d56 -> 
========================================================================
Received Import Request.
  Time since last request: 542.398265 seconds.
  path: Assets/New Terrain 1.asset
  artifactKey: Guid(fa5b4349d23d0f44ba762f13491fb4f7) Importer(815301076,1909f56bfc062723c751e8b465ee728b)
Start importing Assets/New Terrain 1.asset using Guid(fa5b4349d23d0f44ba762f13491fb4f7) Importer(815301076,1909f56bfc062723c751e8b465ee728b)  -> (artifact id: 'bbbb6b0b620b3cdf5a8b66cc4ab915d4') in 0.734571 seconds 
