Using pre-set license
Built from '2021.3/staging' branch; Version is '2021.3.9f1 (ad3870b89536) revision 11352176'; Using compiler version '192829333'; Build Type 'Release'
OS: 'Windows 11  (10.0.22000) 64bit Core' Language: 'ko' Physical Memory: 7528 MB
BatchMode: 1, IsHumanControllingUs: 0, StartBugReporterOnCrash: 0, Is64bit: 1, IsPro: 1

COMMAND LINE ARGUMENTS:
E:\unity\2021.3.9f1\Editor\Unity.exe
-adb2
-batchMode
-noUpm
-name
AssetImportWorker3
-projectPath
E:/unity/My project (3)
-logFile
Logs/AssetImportWorker3.log
-srvPort
12708
Successfully changed project path to: E:/unity/My project (3)
E:/unity/My project (3)
[UnityMemory] Configuration Parameters - Can be set up in boot.config
    "memorysetup-bucket-allocator-granularity=16"
    "memorysetup-bucket-allocator-bucket-count=8"
    "memorysetup-bucket-allocator-block-size=33554432"
    "memorysetup-bucket-allocator-block-count=8"
    "memorysetup-main-allocator-block-size=16777216"
    "memorysetup-thread-allocator-block-size=16777216"
    "memorysetup-gfx-main-allocator-block-size=16777216"
    "memorysetup-gfx-thread-allocator-block-size=16777216"
    "memorysetup-cache-allocator-block-size=4194304"
    "memorysetup-typetree-allocator-block-size=2097152"
    "memorysetup-profiler-bucket-allocator-granularity=16"
    "memorysetup-profiler-bucket-allocator-bucket-count=8"
    "memorysetup-profiler-bucket-allocator-block-size=33554432"
    "memorysetup-profiler-bucket-allocator-block-count=8"
    "memorysetup-profiler-allocator-block-size=16777216"
    "memorysetup-profiler-editor-allocator-block-size=1048576"
    "memorysetup-temp-allocator-size-main=16777216"
    "memorysetup-job-temp-allocator-block-size=2097152"
    "memorysetup-job-temp-allocator-block-size-background=1048576"
    "memorysetup-job-temp-allocator-reduction-small-platforms=262144"
    "memorysetup-temp-allocator-size-background-worker=32768"
    "memorysetup-temp-allocator-size-job-worker=262144"
    "memorysetup-temp-allocator-size-preload-manager=33554432"
    "memorysetup-temp-allocator-size-nav-mesh-worker=65536"
    "memorysetup-temp-allocator-size-audio-worker=65536"
    "memorysetup-temp-allocator-size-cloud-worker=32768"
    "memorysetup-temp-allocator-size-gi-baking-worker=262144"
    "memorysetup-temp-allocator-size-gfx=262144"
Refreshing native plugins compatible for Editor in 130.25 ms, found 3 plugins.
Preloading 0 native plugins for Editor in 0.00 ms.
Initialize engine version: 2021.3.9f1 (ad3870b89536)
[Subsystems] Discovering subsystems at path E:/unity/2021.3.9f1/Editor/Data/Resources/UnitySubsystems
[Subsystems] Discovering subsystems at path E:/unity/My project (3)/Assets
GfxDevice: creating device client; threaded=0; jobified=0
Direct3D:
    Version:  Direct3D 11.0 [level 11.1]
    Renderer: AMD Radeon(TM) Graphics (ID=0x164c)
    Vendor:   ATI
    VRAM:     3764 MB
    Driver:   30.0.13014.8
Initialize mono
Mono path[0] = 'E:/unity/2021.3.9f1/Editor/Data/Managed'
Mono path[1] = 'E:/unity/2021.3.9f1/Editor/Data/MonoBleedingEdge/lib/mono/unityjit-win32'
Mono config path = 'E:/unity/2021.3.9f1/Editor/Data/MonoBleedingEdge/etc'
Using monoOptions --debugger-agent=transport=dt_socket,embedding=1,server=y,suspend=n,address=127.0.0.1:56768
Begin MonoManager ReloadAssembly
Registering precompiled unity dll's ...
Register platform support module: E:/unity/2021.3.9f1/Editor/Data/PlaybackEngines/WebGLSupport/UnityEditor.WebGL.Extensions.dll
Register platform support module: E:/unity/2021.3.9f1/Editor/Data/PlaybackEngines/WindowsStandaloneSupport/UnityEditor.WindowsStandalone.Extensions.dll
Registered in 0.044757 seconds.
Native extension for WindowsStandalone target not found
Native extension for WebGL target not found
Refreshing native plugins compatible for Editor in 153.81 ms, found 3 plugins.
Preloading 0 native plugins for Editor in 0.00 ms.
Mono: successfully reloaded assembly
- Completed reload, in  1.196 seconds
Domain Reload Profiling:
	ReloadAssembly (1197ms)
		BeginReloadAssembly (284ms)
			ExecutionOrderSort (0ms)
			DisableScriptedObjects (0ms)
			BackupInstance (0ms)
			ReleaseScriptingObjects (0ms)
			CreateAndSetChildDomain (1ms)
		EndReloadAssembly (681ms)
			LoadAssemblies (267ms)
			RebuildTransferFunctionScriptingTraits (0ms)
			SetupTypeCache (129ms)
			ReleaseScriptCaches (0ms)
			RebuildScriptCaches (53ms)
			SetupLoadedEditorAssemblies (415ms)
				LogAssemblyErrors (0ms)
				InitializePlatformSupportModulesInManaged (18ms)
				SetLoadedEditorAssemblies (0ms)
				RefreshPlugins (154ms)
				BeforeProcessingInitializeOnLoad (2ms)
				ProcessInitializeOnLoadAttributes (170ms)
				ProcessInitializeOnLoadMethodAttributes (69ms)
				AfterProcessingInitializeOnLoad (0ms)
				EditorAssembliesLoaded (0ms)
			ExecutionOrderSort2 (0ms)
			AwakeInstancesAfterBackupRestoration (0ms)
Platform modules already initialized, skipping
Registering precompiled user dll's ...
Registered in 0.012598 seconds.
Begin MonoManager ReloadAssembly
Symbol file LoadedFromMemory doesn't match image E:\unity\My project (3)\Library\PackageCache\com.unity.visualscripting@1.7.8\Editor\VisualScripting.Core\Dependencies\YamlDotNet\Unity.VisualScripting.YamlDotNet.dll
Symbol file LoadedFromMemory doesn't match image E:\unity\My project (3)\Library\PackageCache\com.unity.visualscripting@1.7.8\Editor\VisualScripting.Core\Dependencies\DotNetZip\Unity.VisualScripting.IonicZip.dll
Native extension for WindowsStandalone target not found
Native extension for WebGL target not found
Refreshing native plugins compatible for Editor in 0.92 ms, found 3 plugins.
Preloading 0 native plugins for Editor in 0.00 ms.
Mono: successfully reloaded assembly
- Completed reload, in 11.406 seconds
Domain Reload Profiling:
	ReloadAssembly (11408ms)
		BeginReloadAssembly (523ms)
			ExecutionOrderSort (0ms)
			DisableScriptedObjects (17ms)
			BackupInstance (0ms)
			ReleaseScriptingObjects (0ms)
			CreateAndSetChildDomain (42ms)
		EndReloadAssembly (10508ms)
			LoadAssemblies (7339ms)
			RebuildTransferFunctionScriptingTraits (0ms)
			SetupTypeCache (701ms)
			ReleaseScriptCaches (1ms)
			RebuildScriptCaches (88ms)
			SetupLoadedEditorAssemblies (2501ms)
				LogAssemblyErrors (0ms)
				InitializePlatformSupportModulesInManaged (27ms)
				SetLoadedEditorAssemblies (1ms)
				RefreshPlugins (1ms)
				BeforeProcessingInitializeOnLoad (269ms)
				ProcessInitializeOnLoadAttributes (512ms)
				ProcessInitializeOnLoadMethodAttributes (1641ms)
				AfterProcessingInitializeOnLoad (50ms)
				EditorAssembliesLoaded (0ms)
			ExecutionOrderSort2 (0ms)
			AwakeInstancesAfterBackupRestoration (33ms)
Platform modules already initialized, skipping
========================================================================
Worker process is ready to serve import requests
Launched and connected shader compiler UnityShaderCompiler.exe after 0.15 seconds
Refreshing native plugins compatible for Editor in 0.82 ms, found 3 plugins.
Preloading 0 native plugins for Editor in 0.00 ms.
Unloading 3382 Unused Serialized files (Serialized files now loaded: 0)
Unloading 27 unused Assets / (111.8 KB). Loaded Objects now: 3860.
Memory consumption went from 129.4 MB to 129.3 MB.
Total: 6.779500 ms (FindLiveObjects: 0.552100 ms CreateObjectMapping: 0.164000 ms MarkObjects: 5.478000 ms  DeleteObjects: 0.583500 ms)

AssetImportParameters requested are different than current active one (requested -> active):
  custom:video-decoder-ogg-theora: a1e56fd34408186e4bbccfd4996cb3dc -> 
  custom:container-muxer-webm: aa71ff27fc2769a1b78a27578f13a17b -> 
  custom:container-demuxer-webm: 4f35f7cbe854078d1ac9338744f61a02 -> 
  custom:video-encoder-webm-vp8: eb34c28f22e8b96e1ab97ce403110664 -> 
  custom:video-codec-MediaFoundation-h265: 746d11721c4dcdbdad8f713fa42b33f4 -> 
  custom:audio-encoder-webm-vorbis: bf7c407c2cedff20999df2af8eb42d56 -> 
  custom:framework-win-MediaFoundation: 216162199b28c13a410421893ffa2e32 -> 
  custom:container-demuxer-ogg: 62fdf1f143b41e24485cea50d1cbac27 -> 
  custom:video-decoder-webm-vp8: 9c59270c3fd7afecdb556c50c9e8de78 -> 
  custom:audio-decoder-ogg-vorbis: bf7c407c2cedff20999df2af8eb42d56 -> 
========================================================================
Received Import Request.
  Time since last request: 350832.526987 seconds.
  path: Assets/Image/UI/Archemy Table/Archemy_Base_UI.png
  artifactKey: Guid(53adc5d29065e87419a477c224d37bcf) Importer(815301076,1909f56bfc062723c751e8b465ee728b)
Start importing Assets/Image/UI/Archemy Table/Archemy_Base_UI.png using Guid(53adc5d29065e87419a477c224d37bcf) Importer(815301076,1909f56bfc062723c751e8b465ee728b)  -> (artifact id: 'cb75bead7d791291e94132074a59becf') in 0.327832 seconds 
========================================================================
Received Import Request.
  Time since last request: 0.000071 seconds.
  path: Assets/Image/UI/BasicSurvivalKitComputer/BasicSurvivalKitComputer_UI_ToolTip.png
  artifactKey: Guid(2e463ead4573fc044bf7d0f84bed4eaa) Importer(815301076,1909f56bfc062723c751e8b465ee728b)
Start importing Assets/Image/UI/BasicSurvivalKitComputer/BasicSurvivalKitComputer_UI_ToolTip.png using Guid(2e463ead4573fc044bf7d0f84bed4eaa) Importer(815301076,1909f56bfc062723c751e8b465ee728b)  -> (artifact id: 'c1df7b87bdcfa6b12c4472a49c18a694') in 0.097716 seconds 
========================================================================
Received Import Request.
  Time since last request: 0.000050 seconds.
  path: Assets/Image/UI/BasicSurvivalKitComputer/BasicSurvivalKitComputer_UI_CircleSlot.png
  artifactKey: Guid(55884a655037a184f9bbf7d309e24f13) Importer(815301076,1909f56bfc062723c751e8b465ee728b)
Start importing Assets/Image/UI/BasicSurvivalKitComputer/BasicSurvivalKitComputer_UI_CircleSlot.png using Guid(55884a655037a184f9bbf7d309e24f13) Importer(815301076,1909f56bfc062723c751e8b465ee728b)  -> (artifact id: 'd01ed26d540c4440256c570f7610b9b3') in 0.065788 seconds 
========================================================================
Received Import Request.
  Time since last request: 0.886028 seconds.
  path: Assets/Image/UI/Craft_Manual/Craft_Manual_Base_Slot.png
  artifactKey: Guid(9c26d2c4c1875ab419579d6de1f5198c) Importer(815301076,1909f56bfc062723c751e8b465ee728b)
Start importing Assets/Image/UI/Craft_Manual/Craft_Manual_Base_Slot.png using Guid(9c26d2c4c1875ab419579d6de1f5198c) Importer(815301076,1909f56bfc062723c751e8b465ee728b)  -> (artifact id: 'aa2ac51f7636ad35d727733c148e9c70') in 0.060360 seconds 
========================================================================
Received Import Request.
  Time since last request: 0.260776 seconds.
  path: Assets/Image/UI/Craft_Manual/Craft_Manual_Base_UI.png
  artifactKey: Guid(77396cb57edd5dd46a9870135d38deb4) Importer(815301076,1909f56bfc062723c751e8b465ee728b)
Start importing Assets/Image/UI/Craft_Manual/Craft_Manual_Base_UI.png using Guid(77396cb57edd5dd46a9870135d38deb4) Importer(815301076,1909f56bfc062723c751e8b465ee728b)  -> (artifact id: '356c3333724c8e723f50f57339b36e92') in 0.062190 seconds 
========================================================================
Received Import Request.
  Time since last request: 0.330894 seconds.
  path: Assets/Image/UI/Craft_Manual/Craft_Manual_Tab_2.png
  artifactKey: Guid(0f92d753c21301b46bc20bf380a724b5) Importer(815301076,1909f56bfc062723c751e8b465ee728b)
Start importing Assets/Image/UI/Craft_Manual/Craft_Manual_Tab_2.png using Guid(0f92d753c21301b46bc20bf380a724b5) Importer(815301076,1909f56bfc062723c751e8b465ee728b)  -> (artifact id: 'b3eef0881897afa242da4b2b13373288') in 0.061834 seconds 
========================================================================
Received Import Request.
  Time since last request: 0.000054 seconds.
  path: Assets/Image/UI/Craft_Manual/Craft_Manul_BuildTab_Pillar.png
  artifactKey: Guid(35d32e7e9b2f8294e9965dde88d5c0b5) Importer(815301076,1909f56bfc062723c751e8b465ee728b)
Start importing Assets/Image/UI/Craft_Manual/Craft_Manul_BuildTab_Pillar.png using Guid(35d32e7e9b2f8294e9965dde88d5c0b5) Importer(815301076,1909f56bfc062723c751e8b465ee728b)  -> (artifact id: 'cc3913c7ab420283af7587d4cf3e5a63') in 0.073807 seconds 
========================================================================
Received Import Request.
  Time since last request: 0.000074 seconds.
  path: Assets/Image/UI/Craft_Manual/Craft_Manul_BuildTab_Foundation.png
  artifactKey: Guid(05246e73f30f77641a229660fb72aab6) Importer(815301076,1909f56bfc062723c751e8b465ee728b)
Start importing Assets/Image/UI/Craft_Manual/Craft_Manul_BuildTab_Foundation.png using Guid(05246e73f30f77641a229660fb72aab6) Importer(815301076,1909f56bfc062723c751e8b465ee728b)  -> (artifact id: 'ad154ee176c4cbe9d25d76904d1b2929') in 0.060708 seconds 
========================================================================
Received Import Request.
  Time since last request: 0.154140 seconds.
  path: Assets/Image/UI/Craft_Manual/Craft_Manul_BuildTab_Stair.png
  artifactKey: Guid(8a2511773a357f3468691aaee7caa429) Importer(815301076,1909f56bfc062723c751e8b465ee728b)
Start importing Assets/Image/UI/Craft_Manual/Craft_Manul_BuildTab_Stair.png using Guid(8a2511773a357f3468691aaee7caa429) Importer(815301076,1909f56bfc062723c751e8b465ee728b)  -> (artifact id: 'ef907cfd320998e259d0dd0dd5a36e7a') in 0.061540 seconds 
========================================================================
Received Import Request.
  Time since last request: 0.000044 seconds.
  path: Assets/Image/UI/Craft_Manual/Craft_Manul_BuildTab_Stair Pillar.png
  artifactKey: Guid(8926ba2015ace8f4381fde2287cc0ddb) Importer(815301076,1909f56bfc062723c751e8b465ee728b)
Start importing Assets/Image/UI/Craft_Manual/Craft_Manul_BuildTab_Stair Pillar.png using Guid(8926ba2015ace8f4381fde2287cc0ddb) Importer(815301076,1909f56bfc062723c751e8b465ee728b)  -> (artifact id: '4ca7abf34eac1ee5bfdaa755ff2323c6') in 0.073326 seconds 
========================================================================
Received Import Request.
  Time since last request: 0.855630 seconds.
  path: Assets/Image/UI/Craft_Manual/Craft_Manul_BuildTab_Wall_Long.png
  artifactKey: Guid(b1fb62ca227491641a50459311a8d370) Importer(815301076,1909f56bfc062723c751e8b465ee728b)
Start importing Assets/Image/UI/Craft_Manual/Craft_Manul_BuildTab_Wall_Long.png using Guid(b1fb62ca227491641a50459311a8d370) Importer(815301076,1909f56bfc062723c751e8b465ee728b)  -> (artifact id: 'c4abb08a0c29c9e5eaccc7a2d6cd0b73') in 0.057353 seconds 
========================================================================
Received Import Request.
  Time since last request: 0.000046 seconds.
  path: Assets/Image/UI/Craft_Manual/Craft_Manul_BuildTab_Wooden Wall.png
  artifactKey: Guid(1705c2902f7ce3d40b1e517e7d1c8665) Importer(815301076,1909f56bfc062723c751e8b465ee728b)
Start importing Assets/Image/UI/Craft_Manual/Craft_Manul_BuildTab_Wooden Wall.png using Guid(1705c2902f7ce3d40b1e517e7d1c8665) Importer(815301076,1909f56bfc062723c751e8b465ee728b)  -> (artifact id: 'ff6eb0abde287adf08f868951c5e5ce2') in 0.066818 seconds 
========================================================================
Received Import Request.
  Time since last request: 93.271668 seconds.
  path: Assets/Tree.prefab
  artifactKey: Guid(969f709a99c36f24b86a01bc141edd57) Importer(815301076,1909f56bfc062723c751e8b465ee728b)
Start importing Assets/Tree.prefab using Guid(969f709a99c36f24b86a01bc141edd57) Importer(815301076,1909f56bfc062723c751e8b465ee728b)  -> (artifact id: 'c1cb09521493e66694f9a1e8e69a824c') in 0.281597 seconds 
========================================================================
Received Prepare
Registering precompiled user dll's ...
Registered in 0.021948 seconds.
Begin MonoManager ReloadAssembly
Symbol file LoadedFromMemory doesn't match image E:\unity\My project (3)\Library\PackageCache\com.unity.visualscripting@1.7.8\Editor\VisualScripting.Core\Dependencies\YamlDotNet\Unity.VisualScripting.YamlDotNet.dll
Symbol file LoadedFromMemory doesn't match image E:\unity\My project (3)\Library\PackageCache\com.unity.visualscripting@1.7.8\Editor\VisualScripting.Core\Dependencies\DotNetZip\Unity.VisualScripting.IonicZip.dll
Native extension for WindowsStandalone target not found
Native extension for WebGL target not found
Refreshing native plugins compatible for Editor in 2.50 ms, found 3 plugins.
Preloading 0 native plugins for Editor in 0.00 ms.
Mono: successfully reloaded assembly
- Completed reload, in 16.878 seconds
Domain Reload Profiling:
	ReloadAssembly (16886ms)
		BeginReloadAssembly (7373ms)
			ExecutionOrderSort (0ms)
			DisableScriptedObjects (36ms)
			BackupInstance (0ms)
			ReleaseScriptingObjects (0ms)
			CreateAndSetChildDomain (302ms)
		EndReloadAssembly (9166ms)
			LoadAssemblies (12403ms)
			RebuildTransferFunctionScriptingTraits (1ms)
			SetupTypeCache (551ms)
			ReleaseScriptCaches (3ms)
			RebuildScriptCaches (71ms)
			SetupLoadedEditorAssemblies (2565ms)
				LogAssemblyErrors (0ms)
				InitializePlatformSupportModulesInManaged (43ms)
				SetLoadedEditorAssemblies (3ms)
				RefreshPlugins (3ms)
				BeforeProcessingInitializeOnLoad (309ms)
				ProcessInitializeOnLoadAttributes (422ms)
				ProcessInitializeOnLoadMethodAttributes (1582ms)
				AfterProcessingInitializeOnLoad (81ms)
				EditorAssembliesLoaded (120ms)
			ExecutionOrderSort2 (0ms)
			AwakeInstancesAfterBackupRestoration (25ms)
Platform modules already initialized, skipping
Refreshing native plugins compatible for Editor in 656.29 ms, found 3 plugins.
Preloading 0 native plugins for Editor in 0.00 ms.
Unloading 3376 Unused Serialized files (Serialized files now loaded: 0)
Unloading 20 unused Assets / (79.0 KB). Loaded Objects now: 3910.
Memory consumption went from 133.9 MB to 133.9 MB.
Total: 1014.883500 ms (FindLiveObjects: 0.396100 ms CreateObjectMapping: 133.623100 ms MarkObjects: 878.988500 ms  DeleteObjects: 1.871900 ms)

AssetImportParameters requested are different than current active one (requested -> active):
  custom:video-decoder-ogg-theora: a1e56fd34408186e4bbccfd4996cb3dc -> 
  custom:container-muxer-webm: aa71ff27fc2769a1b78a27578f13a17b -> 
  custom:container-demuxer-webm: 4f35f7cbe854078d1ac9338744f61a02 -> 
  custom:video-encoder-webm-vp8: eb34c28f22e8b96e1ab97ce403110664 -> 
  custom:video-codec-MediaFoundation-h265: 746d11721c4dcdbdad8f713fa42b33f4 -> 
  custom:audio-encoder-webm-vorbis: bf7c407c2cedff20999df2af8eb42d56 -> 
  custom:framework-win-MediaFoundation: 216162199b28c13a410421893ffa2e32 -> 
  custom:container-demuxer-ogg: 62fdf1f143b41e24485cea50d1cbac27 -> 
  custom:video-decoder-webm-vp8: 9c59270c3fd7afecdb556c50c9e8de78 -> 
  custom:audio-decoder-ogg-vorbis: bf7c407c2cedff20999df2af8eb42d56 -> 
========================================================================
Received Import Request.
  Time since last request: 572.023098 seconds.
  path: Assets/New Terrain Layer.terrainlayer
  artifactKey: Guid(259937c35a1a7d44fba554f5d6f52b3d) Importer(815301076,1909f56bfc062723c751e8b465ee728b)
Start importing Assets/New Terrain Layer.terrainlayer using Guid(259937c35a1a7d44fba554f5d6f52b3d) Importer(815301076,1909f56bfc062723c751e8b465ee728b)  -> (artifact id: 'fa2de67d1a0bd2a62252f0dbae46600e') in 0.753976 seconds 
